<?xml version="1.0" encoding="UTF-8"?>
<testng-results ignored="3" total="13" passed="9" failed="1" skipped="0">
  <reporter-output>
  </reporter-output>
  <suite started-at="2023-05-05T13:40:12 IST" name="Default suite" finished-at="2023-05-05T13:40:33 IST" duration-ms="21516">
    <groups>
    </groups>
    <test started-at="2023-05-05T13:40:12 IST" name="Default test" finished-at="2023-05-05T13:40:33 IST" duration-ms="21516">
      <class name="TestNgImplementation.Scenario2">
        <test-method is-config="true" signature="user_launch_pizzahut_application_with()[pri:0, instance:TestNgImplementation.Scenario2@73d69c0f]" started-at="2023-05-05T13:40:12 IST" name="user_launch_pizzahut_application_with" finished-at="2023-05-05T13:40:18 IST" duration-ms="6565" status="PASS">
          <reporter-output>
          </reporter-output>
        </test-method> <!-- user_launch_pizzahut_application_with -->
        <test-method signature="Test13_Give_the_Voucher_code_as_12345_and_submit()[pri:0, instance:TestNgImplementation.Scenario2@73d69c0f]" started-at="2023-05-05T13:40:18 IST" name="Test13_Give_the_Voucher_code_as_12345_and_submit" finished-at="2023-05-05T13:40:24 IST" duration-ms="5082" status="FAIL">
          <exception class="org.openqa.selenium.NoSuchElementException">
            <message>
              <![CDATA[no such element: Unable to locate element: {"method":"css selector","selector":"div[class='sc-fznMnq cKbUSD']"}
  (Session info: chrome=112.0.5615.138)
For documentation on this error, please visit: https://selenium.dev/exceptions/#no_such_element
Build info: version: '4.9.0', revision: 'd7057100a6'
System info: os.name: 'Windows 10', os.arch: 'amd64', os.version: '10.0', java.version: '15.0.2'
Driver info: org.openqa.selenium.chrome.ChromeDriver
Command: [b88254cbb848b1ef712e3bddc678beb6, findElement {using=css selector, value=div[class='sc-fznMnq cKbUSD']}]
Capabilities {acceptInsecureCerts: false, browserName: chrome, browserVersion: 112.0.5615.138, chrome: {chromedriverVersion: 112.0.5615.49 (bd2a7bcb881c..., userDataDir: C:\Program Files (x86)\scop...}, goog:chromeOptions: {debuggerAddress: localhost:58599}, networkConnectionEnabled: false, pageLoadStrategy: normal, platformName: WINDOWS, proxy: Proxy(), se:cdp: ws://localhost:58599/devtoo..., se:cdpVersion: 112.0.5615.138, setWindowRect: true, strictFileInteractability: false, timeouts: {implicit: 0, pageLoad: 300000, script: 30000}, unhandledPromptBehavior: dismiss and notify, webauthn:extension:credBlob: true, webauthn:extension:largeBlob: true, webauthn:extension:minPinLength: true, webauthn:extension:prf: true, webauthn:virtualAuthenticators: true}
Session ID: b88254cbb848b1ef712e3bddc678beb6]]>
            </message>
            <full-stacktrace>
              <![CDATA[org.openqa.selenium.NoSuchElementException: no such element: Unable to locate element: {"method":"css selector","selector":"div[class='sc-fznMnq cKbUSD']"}
  (Session info: chrome=112.0.5615.138)
For documentation on this error, please visit: https://selenium.dev/exceptions/#no_such_element
Build info: version: '4.9.0', revision: 'd7057100a6'
System info: os.name: 'Windows 10', os.arch: 'amd64', os.version: '10.0', java.version: '15.0.2'
Driver info: org.openqa.selenium.chrome.ChromeDriver
Command: [b88254cbb848b1ef712e3bddc678beb6, findElement {using=css selector, value=div[class='sc-fznMnq cKbUSD']}]
Capabilities {acceptInsecureCerts: false, browserName: chrome, browserVersion: 112.0.5615.138, chrome: {chromedriverVersion: 112.0.5615.49 (bd2a7bcb881c..., userDataDir: C:\Program Files (x86)\scop...}, goog:chromeOptions: {debuggerAddress: localhost:58599}, networkConnectionEnabled: false, pageLoadStrategy: normal, platformName: WINDOWS, proxy: Proxy(), se:cdp: ws://localhost:58599/devtoo..., se:cdpVersion: 112.0.5615.138, setWindowRect: true, strictFileInteractability: false, timeouts: {implicit: 0, pageLoad: 300000, script: 30000}, unhandledPromptBehavior: dismiss and notify, webauthn:extension:credBlob: true, webauthn:extension:largeBlob: true, webauthn:extension:minPinLength: true, webauthn:extension:prf: true, webauthn:virtualAuthenticators: true}
Session ID: b88254cbb848b1ef712e3bddc678beb6
at java.base/jdk.internal.reflect.NativeConstructorAccessorImpl.newInstance0(Native Method)
at java.base/jdk.internal.reflect.NativeConstructorAccessorImpl.newInstance(NativeConstructorAccessorImpl.java:64)
at java.base/jdk.internal.reflect.DelegatingConstructorAccessorImpl.newInstance(DelegatingConstructorAccessorImpl.java:45)
at java.base/java.lang.reflect.Constructor.newInstanceWithCaller(Constructor.java:500)
at java.base/java.lang.reflect.Constructor.newInstance(Constructor.java:481)
at org.openqa.selenium.remote.codec.w3c.W3CHttpResponseCodec.createException(W3CHttpResponseCodec.java:200)
at org.openqa.selenium.remote.codec.w3c.W3CHttpResponseCodec.decode(W3CHttpResponseCodec.java:133)
at org.openqa.selenium.remote.codec.w3c.W3CHttpResponseCodec.decode(W3CHttpResponseCodec.java:53)
at org.openqa.selenium.remote.HttpCommandExecutor.execute(HttpCommandExecutor.java:193)
at org.openqa.selenium.remote.service.DriverCommandExecutor.invokeExecute(DriverCommandExecutor.java:183)
at org.openqa.selenium.remote.service.DriverCommandExecutor.execute(DriverCommandExecutor.java:158)
at org.openqa.selenium.remote.RemoteWebDriver.execute(RemoteWebDriver.java:543)
at org.openqa.selenium.remote.ElementLocation$ElementFinder$2.findElement(ElementLocation.java:162)
at org.openqa.selenium.remote.ElementLocation.findElement(ElementLocation.java:60)
at org.openqa.selenium.remote.RemoteWebDriver.findElement(RemoteWebDriver.java:352)
at org.openqa.selenium.remote.RemoteWebDriver.findElement(RemoteWebDriver.java:344)
at TestNgImplementation.Scenario2.Test13_Give_the_Voucher_code_as_12345_and_submit(Scenario2.java:229)
at java.base/jdk.internal.reflect.NativeMethodAccessorImpl.invoke0(Native Method)
at java.base/jdk.internal.reflect.NativeMethodAccessorImpl.invoke(NativeMethodAccessorImpl.java:64)
at java.base/jdk.internal.reflect.DelegatingMethodAccessorImpl.invoke(DelegatingMethodAccessorImpl.java:43)
at java.base/java.lang.reflect.Method.invoke(Method.java:564)
at org.testng.internal.MethodInvocationHelper.invokeMethod(MethodInvocationHelper.java:133)
at org.testng.internal.TestInvoker.invokeMethod(TestInvoker.java:598)
at org.testng.internal.TestInvoker.invokeTestMethod(TestInvoker.java:173)
at org.testng.internal.MethodRunner.runInSequence(MethodRunner.java:46)
at org.testng.internal.TestInvoker$MethodInvocationAgent.invoke(TestInvoker.java:824)
at org.testng.internal.TestInvoker.invokeTestMethods(TestInvoker.java:146)
at org.testng.internal.TestMethodWorker.invokeTestMethods(TestMethodWorker.java:146)
at org.testng.internal.TestMethodWorker.run(TestMethodWorker.java:128)
at java.base/java.util.ArrayList.forEach(ArrayList.java:1511)
at org.testng.TestRunner.privateRun(TestRunner.java:794)
at org.testng.TestRunner.run(TestRunner.java:596)
at org.testng.SuiteRunner.runTest(SuiteRunner.java:377)
at org.testng.SuiteRunner.runSequentially(SuiteRunner.java:371)
at org.testng.SuiteRunner.privateRun(SuiteRunner.java:332)
at org.testng.SuiteRunner.run(SuiteRunner.java:276)
at org.testng.SuiteRunnerWorker.runSuite(SuiteRunnerWorker.java:53)
at org.testng.SuiteRunnerWorker.run(SuiteRunnerWorker.java:96)
at org.testng.TestNG.runSuitesSequentially(TestNG.java:1212)
at org.testng.TestNG.runSuitesLocally(TestNG.java:1134)
at org.testng.TestNG.runSuites(TestNG.java:1063)
at org.testng.TestNG.run(TestNG.java:1031)
at org.testng.remote.AbstractRemoteTestNG.run(AbstractRemoteTestNG.java:115)
at org.testng.remote.RemoteTestNG.initAndRun(RemoteTestNG.java:251)
at org.testng.remote.RemoteTestNG.main(RemoteTestNG.java:77)
]]>
            </full-stacktrace>
          </exception> <!-- org.openqa.selenium.NoSuchElementException -->
          <reporter-output>
          </reporter-output>
        </test-method> <!-- Test13_Give_the_Voucher_code_as_12345_and_submit -->
        <test-method signature="Test1_user_wait_for_auto_location_black_pop_up_screen_and_close_it()[pri:0, instance:TestNgImplementation.Scenario2@73d69c0f]" started-at="2023-05-05T13:40:24 IST" name="Test1_user_wait_for_auto_location_black_pop_up_screen_and_close_it" finished-at="2023-05-05T13:40:24 IST" duration-ms="3" status="PASS">
          <reporter-output>
          </reporter-output>
        </test-method> <!-- Test1_user_wait_for_auto_location_black_pop_up_screen_and_close_it -->
        <test-method signature="Test2_Set_the_user_delivery_location()[pri:0, instance:TestNgImplementation.Scenario2@73d69c0f]" started-at="2023-05-05T13:40:24 IST" name="Test2_Set_the_user_delivery_location" finished-at="2023-05-05T13:40:25 IST" duration-ms="1365" status="PASS">
          <reporter-output>
          </reporter-output>
        </test-method> <!-- Test2_Set_the_user_delivery_location -->
        <test-method signature="Test3_user_is_now_on_deals_page_and_validate_Url_contains_deals()[pri:0, instance:TestNgImplementation.Scenario2@73d69c0f]" started-at="2023-05-05T13:40:25 IST" name="Test3_user_is_now_on_deals_page_and_validate_Url_contains_deals" finished-at="2023-05-05T13:40:27 IST" duration-ms="1862" status="PASS">
          <reporter-output>
          </reporter-output>
        </test-method> <!-- Test3_user_is_now_on_deals_page_and_validate_Url_contains_deals -->
        <test-method signature="Test4_Go_to_sides_and_add_any_item_that_is_below_200()[pri:0, instance:TestNgImplementation.Scenario2@73d69c0f]" started-at="2023-05-05T13:40:27 IST" name="Test4_Go_to_sides_and_add_any_item_that_is_below_200" finished-at="2023-05-05T13:40:30 IST" duration-ms="3433" status="PASS">
          <reporter-output>
          </reporter-output>
        </test-method> <!-- Test4_Go_to_sides_and_add_any_item_that_is_below_200 -->
        <test-method signature="Test5_Validate_that_the_product_is_added_under_Basket_but_checkout_button_price_item_is_still_not_showing()[pri:0, instance:TestNgImplementation.Scenario2@73d69c0f]" started-at="2023-05-05T13:40:30 IST" name="Test5_Validate_that_the_product_is_added_under_Basket_but_checkout_button_price_item_is_still_not_showing" finished-at="2023-05-05T13:40:31 IST" duration-ms="266" status="PASS">
          <reporter-output>
          </reporter-output>
        </test-method> <!-- Test5_Validate_that_the_product_is_added_under_Basket_but_checkout_button_price_item_is_still_not_showing -->
        <test-method signature="Test6_Navigate_to_the_Drinkspage_Add_any_two_drinks_so_that_total_cart_pricing_is_more_than_200()[pri:0, instance:TestNgImplementation.Scenario2@73d69c0f]" started-at="2023-05-05T13:40:31 IST" name="Test6_Navigate_to_the_Drinkspage_Add_any_two_drinks_so_that_total_cart_pricing_is_more_than_200" finished-at="2023-05-05T13:40:32 IST" duration-ms="1524" status="PASS">
          <reporter-output>
          </reporter-output>
        </test-method> <!-- Test6_Navigate_to_the_Drinkspage_Add_any_two_drinks_so_that_total_cart_pricing_is_more_than_200 -->
        <test-method signature="Test7_Click_on_the_Checkout_button()[pri:0, instance:TestNgImplementation.Scenario2@73d69c0f]" started-at="2023-05-05T13:40:32 IST" name="Test7_Click_on_the_Checkout_button" finished-at="2023-05-05T13:40:33 IST" duration-ms="950" status="PASS">
          <reporter-output>
          </reporter-output>
        </test-method> <!-- Test7_Click_on_the_Checkout_button -->
        <test-method signature="Test8_validate_that_online_Payment_Selected_ByDefault()[pri:0, instance:TestNgImplementation.Scenario2@73d69c0f]" started-at="2023-05-05T13:40:33 IST" name="Test8_validate_that_online_Payment_Selected_ByDefault" finished-at="2023-05-05T13:40:33 IST" duration-ms="114" status="PASS">
          <reporter-output>
          </reporter-output>
        </test-method> <!-- Test8_validate_that_online_Payment_Selected_ByDefault -->
        <test-method signature="Test9_change_payment_option_to_cash()[pri:0, instance:TestNgImplementation.Scenario2@73d69c0f]" started-at="2023-05-05T13:40:33 IST" name="Test9_change_payment_option_to_cash" finished-at="2023-05-05T13:40:33 IST" duration-ms="222" status="PASS">
          <reporter-output>
          </reporter-output>
        </test-method> <!-- Test9_change_payment_option_to_cash -->
        <test-method is-config="true" signature="closebrowser()[pri:0, instance:TestNgImplementation.Scenario2@73d69c0f]" started-at="2023-05-05T13:40:33 IST" name="closebrowser" finished-at="2023-05-05T13:40:33 IST" duration-ms="1" status="PASS">
          <reporter-output>
          </reporter-output>
        </test-method> <!-- closebrowser -->
      </class> <!-- TestNgImplementation.Scenario2 -->
    </test> <!-- Default test -->
  </suite> <!-- Default suite -->
</testng-results>
